-- Time: 2021/11/26 11:24:47
-- Database: database1
-- Database version: 
-- seed value: 1637897070680
; -- 71ms;
; -- 34ms;
; -- 18ms;
; -- 46ms;
; -- 42ms;
; -- 30ms;
; -- 26ms;
; -- 35ms;
; -- 27ms;
; -- 32ms;
; -- 29ms;
; -- 29ms;
; -- 28ms;
; -- 25ms;
; -- 27ms;
; -- 29ms;
; -- 7ms;
; -- 45ms;
; -- 47ms;
; -- 42ms;
; -- 38ms;
; -- 25ms;
; -- 12ms;
; -- 36ms;
; -- 29ms;
; -- 9ms;
; -- 8ms;
; -- 27ms;
; -- 25ms;
; -- 26ms;
; -- 7ms;
; -- 24ms;
; -- 23ms;
; -- 6ms;
; -- 24ms;
; -- 32ms;
; -- 27ms;
; -- 23ms;
; -- 25ms;
; -- 18ms;
; -- 6ms;
; -- 6ms;
; -- 24ms;
; -- 20ms;
; -- 6ms;
; -- 26ms;
; -- 25ms;
; -- 26ms;
; -- 6ms;
; -- 17ms;
; -- 5ms;
; -- 24ms;
; -- 20ms;
; -- 7ms;
; -- 19ms;
; -- 5ms;
; -- 18ms;
; -- 27ms;
; -- 19ms;
; -- 7ms;
; -- 20ms;
; -- 18ms;
; -- 22ms;
; -- 17ms;
; -- 19ms;
; -- 17ms;
; -- 19ms;
; -- 5ms;
; -- 25ms;
; -- 25ms;
; -- 21ms;
; -- 27ms;
; -- 8ms;
; -- 28ms;
; -- 5ms;
; -- 19ms;
; -- 16ms;
; -- 21ms;
; -- 19ms;
; -- 22ms;
; -- 16ms;
; -- 21ms;
; -- 15ms;
; -- 6ms;
; -- 17ms;
; -- 6ms;
; -- 19ms;
; -- 19ms;
; -- 7ms;
; -- 24ms;
; -- 20ms;
;