-- Time: 2022/01/07 23:40:55
-- Database: database0
-- Database version: 
-- seed value: 1641570055772
; -- 19ms;
; -- 16ms;
; -- 16ms;
; -- 17ms;
; -- 18ms;
; -- 44ms;
; -- 33ms;
; -- 29ms;
; -- 29ms;
; -- 27ms;
; -- 19ms;
; -- 27ms;
; -- 33ms;
; -- 29ms;
; -- 32ms;
; -- 38ms;
; -- 31ms;
; -- 29ms;
; -- 33ms;
; -- 30ms;
; -- 32ms;
; -- 35ms;
; -- 29ms;
; -- 29ms;
; -- 28ms;
; -- 31ms;
; -- 28ms;
; -- 25ms;
; -- 32ms;
; -- 32ms;
; -- 30ms;
; -- 30ms;
; -- 25ms;
; -- 26ms;
; -- 23ms;
; -- 24ms;
; -- 26ms;
; -- 26ms;
; -- 29ms;
; -- 40ms;
; -- 18ms;
; -- 27ms;
; -- 18ms;
; -- 28ms;
; -- 23ms;
; -- 24ms;
; -- 33ms;
; -- 32ms;
; -- 27ms;
; -- 20ms;
; -- 26ms;
; -- 25ms;
; -- 23ms;
; -- 25ms;
; -- 19ms;
; -- 25ms;
; -- 27ms;
; -- 25ms;
; -- 26ms;
; -- 28ms;
; -- 31ms;
; -- 30ms;
; -- 30ms;
; -- 31ms;
; -- 31ms;
; -- 29ms;
; -- 24ms;
; -- 30ms;
; -- 31ms;
; -- 30ms;
; -- 35ms;
; -- 24ms;
; -- 41ms;
; -- 30ms;
; -- 17ms;
; -- 23ms;
; -- 16ms;
; -- 27ms;
; -- 22ms;
; -- 28ms;
; -- 29ms;
; -- 30ms;
; -- 21ms;
; -- 20ms;
; -- 21ms;
; -- 26ms;
; -- 17ms;
; -- 114ms;
; -- 137ms;
; -- 127ms;
; -- 98ms;
; -- 258ms;
;;;;;;;;;;;;;;;;;;;;;;;;;;;;;;;;;;;;;;;;;;;;;