--org.neo4j.driver.exceptions.DatabaseException: Lexical error at line 1, column 32.  Encountered: <EOF> after : ""
--	at org.neo4j.driver.internal.util.Futures.blockingGet(Futures.java:143)
--	at org.neo4j.driver.internal.InternalTransaction.run(InternalTransaction.java:60)
--	at org.neo4j.driver.internal.AbstractQueryRunner.run(AbstractQueryRunner.java:37)
--	at org.neo4j.driver.internal.AbstractQueryRunner.run(AbstractQueryRunner.java:55)
--	at gdsmith.neo4j.Neo4jConnection$1.execute(Neo4jConnection.java:38)
--	at gdsmith.neo4j.Neo4jConnection$1.execute(Neo4jConnection.java:1)
--	at org.neo4j.driver.internal.InternalSession.lambda$transaction$4(InternalSession.java:150)
--	at org.neo4j.driver.internal.retry.ExponentialBackoffRetryLogic.retry(ExponentialBackoffRetryLogic.java:103)
--	at org.neo4j.driver.internal.InternalSession.transaction(InternalSession.java:146)
--	at org.neo4j.driver.internal.InternalSession.writeTransaction(InternalSession.java:124)
--	at org.neo4j.driver.internal.InternalSession.writeTransaction(InternalSession.java:118)
--	at gdsmith.neo4j.Neo4jConnection.executeStatement(Neo4jConnection.java:33)
--	at gdsmith.cypher.CypherQueryAdapter.execute(CypherQueryAdapter.java:48)
--	at gdsmith.Main$QueryManager.execute(Main.java:227)
--	at gdsmith.GlobalState.executeStatement(GlobalState.java:108)
--	at gdsmith.neo4j.Neo4jProvider.generateDatabase(Neo4jProvider.java:74)
--	at gdsmith.neo4j.Neo4jProvider.generateDatabase(Neo4jProvider.java:1)
--	at gdsmith.ProviderAdapter.generateAndTestDatabase(ProviderAdapter.java:40)
--	at gdsmith.Main$DBMSExecutor.run(Main.java:315)
--	at gdsmith.Main$2.run(Main.java:499)
--	at gdsmith.Main$2.runThread(Main.java:477)
--	at gdsmith.Main$2.run(Main.java:467)
--	at java.util.concurrent.ThreadPoolExecutor.runWorker(ThreadPoolExecutor.java:1149)
--	at java.util.concurrent.ThreadPoolExecutor$Worker.run(ThreadPoolExecutor.java:624)
--	at java.lang.Thread.run(Thread.java:748)
--	Suppressed: org.neo4j.driver.internal.util.ErrorUtil$InternalExceptionCause
--		at org.neo4j.driver.internal.util.ErrorUtil.newNeo4jError(ErrorUtil.java:90)
--		at org.neo4j.driver.internal.async.inbound.InboundMessageDispatcher.handleFailureMessage(InboundMessageDispatcher.java:119)
--		at org.neo4j.driver.internal.messaging.common.CommonMessageReader.unpackFailureMessage(CommonMessageReader.java:83)
--		at org.neo4j.driver.internal.messaging.common.CommonMessageReader.read(CommonMessageReader.java:59)
--		at org.neo4j.driver.internal.async.inbound.InboundMessageHandler.channelRead0(InboundMessageHandler.java:83)
--		at org.neo4j.driver.internal.async.inbound.InboundMessageHandler.channelRead0(InboundMessageHandler.java:35)
--		at org.neo4j.driver.internal.shaded.io.netty.channel.SimpleChannelInboundHandler.channelRead(SimpleChannelInboundHandler.java:99)
--		at org.neo4j.driver.internal.shaded.io.netty.channel.AbstractChannelHandlerContext.invokeChannelRead(AbstractChannelHandlerContext.java:379)
--		at org.neo4j.driver.internal.shaded.io.netty.channel.AbstractChannelHandlerContext.invokeChannelRead(AbstractChannelHandlerContext.java:365)
--		at org.neo4j.driver.internal.shaded.io.netty.channel.AbstractChannelHandlerContext.fireChannelRead(AbstractChannelHandlerContext.java:357)
--		at org.neo4j.driver.internal.shaded.io.netty.handler.codec.ByteToMessageDecoder.fireChannelRead(ByteToMessageDecoder.java:324)
--		at org.neo4j.driver.internal.shaded.io.netty.handler.codec.ByteToMessageDecoder.channelRead(ByteToMessageDecoder.java:296)
--		at org.neo4j.driver.internal.async.inbound.MessageDecoder.channelRead(MessageDecoder.java:47)
--		at org.neo4j.driver.internal.shaded.io.netty.channel.AbstractChannelHandlerContext.invokeChannelRead(AbstractChannelHandlerContext.java:379)
--		at org.neo4j.driver.internal.shaded.io.netty.channel.AbstractChannelHandlerContext.invokeChannelRead(AbstractChannelHandlerContext.java:365)
--		at org.neo4j.driver.internal.shaded.io.netty.channel.AbstractChannelHandlerContext.fireChannelRead(AbstractChannelHandlerContext.java:357)
--		at org.neo4j.driver.internal.shaded.io.netty.handler.codec.ByteToMessageDecoder.fireChannelRead(ByteToMessageDecoder.java:324)
--		at org.neo4j.driver.internal.shaded.io.netty.handler.codec.ByteToMessageDecoder.fireChannelRead(ByteToMessageDecoder.java:311)
--		at org.neo4j.driver.internal.shaded.io.netty.handler.codec.ByteToMessageDecoder.callDecode(ByteToMessageDecoder.java:432)
--		at org.neo4j.driver.internal.shaded.io.netty.handler.codec.ByteToMessageDecoder.channelRead(ByteToMessageDecoder.java:276)
--		at org.neo4j.driver.internal.shaded.io.netty.channel.AbstractChannelHandlerContext.invokeChannelRead(AbstractChannelHandlerContext.java:379)
--		at org.neo4j.driver.internal.shaded.io.netty.channel.AbstractChannelHandlerContext.invokeChannelRead(AbstractChannelHandlerContext.java:365)
--		at org.neo4j.driver.internal.shaded.io.netty.channel.AbstractChannelHandlerContext.fireChannelRead(AbstractChannelHandlerContext.java:357)
--		at org.neo4j.driver.internal.shaded.io.netty.channel.DefaultChannelPipeline$HeadContext.channelRead(DefaultChannelPipeline.java:1410)
--		at org.neo4j.driver.internal.shaded.io.netty.channel.AbstractChannelHandlerContext.invokeChannelRead(AbstractChannelHandlerContext.java:379)
--		at org.neo4j.driver.internal.shaded.io.netty.channel.AbstractChannelHandlerContext.invokeChannelRead(AbstractChannelHandlerContext.java:365)
--		at org.neo4j.driver.internal.shaded.io.netty.channel.DefaultChannelPipeline.fireChannelRead(DefaultChannelPipeline.java:919)
--		at org.neo4j.driver.internal.shaded.io.netty.channel.nio.AbstractNioByteChannel$NioByteUnsafe.read(AbstractNioByteChannel.java:166)
--		at org.neo4j.driver.internal.shaded.io.netty.channel.nio.NioEventLoop.processSelectedKey(NioEventLoop.java:719)
--		at org.neo4j.driver.internal.shaded.io.netty.channel.nio.NioEventLoop.processSelectedKeysOptimized(NioEventLoop.java:655)
--		at org.neo4j.driver.internal.shaded.io.netty.channel.nio.NioEventLoop.processSelectedKeys(NioEventLoop.java:581)
--		at org.neo4j.driver.internal.shaded.io.netty.channel.nio.NioEventLoop.run(NioEventLoop.java:493)
--		at org.neo4j.driver.internal.shaded.io.netty.util.concurrent.SingleThreadEventExecutor$4.run(SingleThreadEventExecutor.java:986)
--		at org.neo4j.driver.internal.shaded.io.netty.util.internal.ThreadExecutorMap$2.run(ThreadExecutorMap.java:74)
--		at org.neo4j.driver.internal.shaded.io.netty.util.concurrent.FastThreadLocalRunnable.run(FastThreadLocalRunnable.java:30)
--		... 1 more
--	Suppressed: org.neo4j.driver.exceptions.ServiceUnavailableException: Connection to the database terminated. Please ensure that your database is listening on the correct host and port and that you have compatible encryption settings both on Neo4j server and driver. Note that the default encryption setting has changed in Neo4j 4.0.
--		at org.neo4j.driver.internal.util.ErrorUtil.newConnectionTerminatedError(ErrorUtil.java:54)
--		at org.neo4j.driver.internal.util.ErrorUtil.newConnectionTerminatedError(ErrorUtil.java:47)
--		at org.neo4j.driver.internal.async.inbound.ChannelErrorHandler.channelInactive(ChannelErrorHandler.java:72)
--		at org.neo4j.driver.internal.shaded.io.netty.channel.AbstractChannelHandlerContext.invokeChannelInactive(AbstractChannelHandlerContext.java:262)
--		at org.neo4j.driver.internal.shaded.io.netty.channel.AbstractChannelHandlerContext.invokeChannelInactive(AbstractChannelHandlerContext.java:248)
--		at org.neo4j.driver.internal.shaded.io.netty.channel.AbstractChannelHandlerContext.fireChannelInactive(AbstractChannelHandlerContext.java:241)
--		at org.neo4j.driver.internal.shaded.io.netty.handler.codec.ByteToMessageDecoder.channelInputClosed(ByteToMessageDecoder.java:389)
--		at org.neo4j.driver.internal.shaded.io.netty.handler.codec.ByteToMessageDecoder.channelInactive(ByteToMessageDecoder.java:354)
--		at org.neo4j.driver.internal.shaded.io.netty.channel.AbstractChannelHandlerContext.invokeChannelInactive(AbstractChannelHandlerContext.java:262)
--		at org.neo4j.driver.internal.shaded.io.netty.channel.AbstractChannelHandlerContext.invokeChannelInactive(AbstractChannelHandlerContext.java:248)
--		at org.neo4j.driver.internal.shaded.io.netty.channel.AbstractChannelHandlerContext.fireChannelInactive(AbstractChannelHandlerContext.java:241)
--		at org.neo4j.driver.internal.shaded.io.netty.handler.codec.ByteToMessageDecoder.channelInputClosed(ByteToMessageDecoder.java:389)
--		at org.neo4j.driver.internal.shaded.io.netty.handler.codec.ByteToMessageDecoder.channelInactive(ByteToMessageDecoder.java:354)
--		at org.neo4j.driver.internal.shaded.io.netty.channel.AbstractChannelHandlerContext.invokeChannelInactive(AbstractChannelHandlerContext.java:262)
--		at org.neo4j.driver.internal.shaded.io.netty.channel.AbstractChannelHandlerContext.invokeChannelInactive(AbstractChannelHandlerContext.java:248)
--		at org.neo4j.driver.internal.shaded.io.netty.channel.AbstractChannelHandlerContext.fireChannelInactive(AbstractChannelHandlerContext.java:241)
--		at org.neo4j.driver.internal.shaded.io.netty.channel.DefaultChannelPipeline$HeadContext.channelInactive(DefaultChannelPipeline.java:1405)
--		at org.neo4j.driver.internal.shaded.io.netty.channel.AbstractChannelHandlerContext.invokeChannelInactive(AbstractChannelHandlerContext.java:262)
--		at org.neo4j.driver.internal.shaded.io.netty.channel.AbstractChannelHandlerContext.invokeChannelInactive(AbstractChannelHandlerContext.java:248)
--		at org.neo4j.driver.internal.shaded.io.netty.channel.DefaultChannelPipeline.fireChannelInactive(DefaultChannelPipeline.java:901)
--		at org.neo4j.driver.internal.shaded.io.netty.channel.AbstractChannel$AbstractUnsafe$8.run(AbstractChannel.java:831)
--		at org.neo4j.driver.internal.shaded.io.netty.util.concurrent.AbstractEventExecutor.safeExecute(AbstractEventExecutor.java:164)
--		at org.neo4j.driver.internal.shaded.io.netty.util.concurrent.SingleThreadEventExecutor.runAllTasks(SingleThreadEventExecutor.java:469)
--		at org.neo4j.driver.internal.shaded.io.netty.channel.nio.NioEventLoop.run(NioEventLoop.java:497)
--		at org.neo4j.driver.internal.shaded.io.netty.util.concurrent.SingleThreadEventExecutor$4.run(SingleThreadEventExecutor.java:986)
--		at org.neo4j.driver.internal.shaded.io.netty.util.internal.ThreadExecutorMap$2.run(ThreadExecutorMap.java:74)
--		at org.neo4j.driver.internal.shaded.io.netty.util.concurrent.FastThreadLocalRunnable.run(FastThreadLocalRunnable.java:30)
--		... 1 more
---- Time: 2021/11/26 11:24:47
-- Database: database0
-- Database version: 
-- seed value: 1637897070677



































































































































































































































































































































































































































































































































































































































































